<html>
<head>
<title>TestNG:  ChromeTests</title>
<link href="../testng.css" rel="stylesheet" type="text/css" />
<link href="../my-testng.css" rel="stylesheet" type="text/css" />

<style type="text/css">
.log { display: none;} 
.stack-trace { display: none;} 
</style>
<script type="text/javascript">
<!--
function flip(e) {
  current = e.style.display;
  if (current == 'block') {
    e.style.display = 'none';
    return 0;
  }
  else {
    e.style.display = 'block';
    return 1;
  }
}

function toggleBox(szDivId, elem, msg1, msg2)
{
  var res = -1;  if (document.getElementById) {
    res = flip(document.getElementById(szDivId));
  }
  else if (document.all) {
    // this is the way old msie versions work
    res = flip(document.all[szDivId]);
  }
  if(elem) {
    if(res == 0) elem.innerHTML = msg1; else elem.innerHTML = msg2;
  }

}

function toggleAllBoxes() {
  if (document.getElementsByTagName) {
    d = document.getElementsByTagName('div');
    for (i = 0; i < d.length; i++) {
      if (d[i].className == 'log') {
        flip(d[i]);
      }
    }
  }
}

// -->
</script>

</head>
<body>
<h2 align='center'>ChromeTests</h2><table border='1' align="center">
<tr>
<td>Tests passed/Failed/Skipped:</td><td>30/7/0</td>
</tr><tr>
<td>Started on:</td><td>Sun Feb 11 20:02:17 EET 2024</td>
</tr>
<tr><td>Total time:</td><td>132 seconds (132271 ms)</td>
</tr><tr>
<td>Included groups:</td><td></td>
</tr><tr>
<td>Excluded groups:</td><td></td>
</tr>
</table><p/>
<small><i>(Hover the method name to see the test class name)</i></small><p/>
<table width='100%' border='1' class='invocation-failed'>
<tr><td colspan='4' align='center'><b>FAILED TESTS</b></td></tr>
<tr><td><b>Test method</b></td>
<td width="30%"><b>Exception</b></td>
<td width="10%"><b>Time (seconds)</b></td>
<td><b>Instance</b></td>
</tr>
<tr>
<td title='testpages.TestCaseWithProblemUser.testSortAToZ()'><b>testSortAToZ</b><br>Test class: testpages.TestCaseWithProblemUser<br>Test method: sorting</td>
<td><div><pre>java.lang.AssertionError: The following asserts failed:
	add product is not clickable expected [false] but found [true],
	expected [false] but found [true]
	at testpages.TestCaseWithProblemUser.testSortAToZ(TestCaseWithProblemUser.java:54)
	at java.base/java.util.ArrayList.forEach(ArrayList.java:1511)
... Removed 29 stack frames</pre></div><a href='#' onClick='toggleBox("stack-trace1177903557", this, "Click to show all stack frames", "Click to hide stack frames")'>Click to show all stack frames</a>
<div class='stack-trace' id='stack-trace1177903557'><pre>java.lang.AssertionError: The following asserts failed:
	add product is not clickable expected [false] but found [true],
	expected [false] but found [true]
	at org.testng.asserts.SoftAssert.assertAll(SoftAssert.java:47)
	at org.testng.asserts.SoftAssert.assertAll(SoftAssert.java:31)
	at testpages.TestCaseWithProblemUser.testSortAToZ(TestCaseWithProblemUser.java:54)
	at java.base/jdk.internal.reflect.NativeMethodAccessorImpl.invoke0(Native Method)
	at java.base/jdk.internal.reflect.NativeMethodAccessorImpl.invoke(NativeMethodAccessorImpl.java:77)
	at java.base/jdk.internal.reflect.DelegatingMethodAccessorImpl.invoke(DelegatingMethodAccessorImpl.java:43)
	at java.base/java.lang.reflect.Method.invoke(Method.java:568)
	at org.testng.internal.MethodInvocationHelper.invokeMethod(MethodInvocationHelper.java:133)
	at org.testng.internal.TestInvoker.invokeMethod(TestInvoker.java:598)
	at org.testng.internal.TestInvoker.invokeTestMethod(TestInvoker.java:173)
	at org.testng.internal.MethodRunner.runInSequence(MethodRunner.java:46)
	at org.testng.internal.TestInvoker$MethodInvocationAgent.invoke(TestInvoker.java:824)
	at org.testng.internal.TestInvoker.invokeTestMethods(TestInvoker.java:146)
	at org.testng.internal.TestMethodWorker.invokeTestMethods(TestMethodWorker.java:146)
	at org.testng.internal.TestMethodWorker.run(TestMethodWorker.java:128)
	at java.base/java.util.ArrayList.forEach(ArrayList.java:1511)
	at org.testng.TestRunner.privateRun(TestRunner.java:794)
	at org.testng.TestRunner.run(TestRunner.java:596)
	at org.testng.SuiteRunner.runTest(SuiteRunner.java:377)
	at org.testng.SuiteRunner.runSequentially(SuiteRunner.java:371)
	at org.testng.SuiteRunner.privateRun(SuiteRunner.java:332)
	at org.testng.SuiteRunner.run(SuiteRunner.java:276)
	at org.testng.SuiteRunnerWorker.runSuite(SuiteRunnerWorker.java:53)
	at org.testng.SuiteRunnerWorker.run(SuiteRunnerWorker.java:96)
	at org.testng.TestNG.runSuitesSequentially(TestNG.java:1212)
	at org.testng.TestNG.runSuitesLocally(TestNG.java:1134)
	at org.testng.TestNG.runSuites(TestNG.java:1063)
	at org.testng.TestNG.run(TestNG.java:1031)
	at org.testng.remote.AbstractRemoteTestNG.run(AbstractRemoteTestNG.java:115)
	at org.testng.remote.RemoteTestNG.initAndRun(RemoteTestNG.java:251)
	at org.testng.remote.RemoteTestNG.main(RemoteTestNG.java:77)
</pre></div></td>
<td>0</td>
<td>testpages.TestCaseWithProblemUser@466276d8</td></tr>
<tr>
<td title='testpages.TestCaseWithProblemUser.testSortZToA()'><b>testSortZToA</b><br>Test class: testpages.TestCaseWithProblemUser<br>Test method: sorting</td>
<td><div><pre>java.lang.AssertionError: The following asserts failed:
	add product is not clickable expected [false] but found [true],
	expected [false] but found [true],
	expected [false] but found [true]
	at testpages.TestCaseWithProblemUser.testSortZToA(TestCaseWithProblemUser.java:67)
	at java.base/java.util.ArrayList.forEach(ArrayList.java:1511)
... Removed 29 stack frames</pre></div><a href='#' onClick='toggleBox("stack-trace504355631", this, "Click to show all stack frames", "Click to hide stack frames")'>Click to show all stack frames</a>
<div class='stack-trace' id='stack-trace504355631'><pre>java.lang.AssertionError: The following asserts failed:
	add product is not clickable expected [false] but found [true],
	expected [false] but found [true],
	expected [false] but found [true]
	at org.testng.asserts.SoftAssert.assertAll(SoftAssert.java:47)
	at org.testng.asserts.SoftAssert.assertAll(SoftAssert.java:31)
	at testpages.TestCaseWithProblemUser.testSortZToA(TestCaseWithProblemUser.java:67)
	at java.base/jdk.internal.reflect.NativeMethodAccessorImpl.invoke0(Native Method)
	at java.base/jdk.internal.reflect.NativeMethodAccessorImpl.invoke(NativeMethodAccessorImpl.java:77)
	at java.base/jdk.internal.reflect.DelegatingMethodAccessorImpl.invoke(DelegatingMethodAccessorImpl.java:43)
	at java.base/java.lang.reflect.Method.invoke(Method.java:568)
	at org.testng.internal.MethodInvocationHelper.invokeMethod(MethodInvocationHelper.java:133)
	at org.testng.internal.TestInvoker.invokeMethod(TestInvoker.java:598)
	at org.testng.internal.TestInvoker.invokeTestMethod(TestInvoker.java:173)
	at org.testng.internal.MethodRunner.runInSequence(MethodRunner.java:46)
	at org.testng.internal.TestInvoker$MethodInvocationAgent.invoke(TestInvoker.java:824)
	at org.testng.internal.TestInvoker.invokeTestMethods(TestInvoker.java:146)
	at org.testng.internal.TestMethodWorker.invokeTestMethods(TestMethodWorker.java:146)
	at org.testng.internal.TestMethodWorker.run(TestMethodWorker.java:128)
	at java.base/java.util.ArrayList.forEach(ArrayList.java:1511)
	at org.testng.TestRunner.privateRun(TestRunner.java:794)
	at org.testng.TestRunner.run(TestRunner.java:596)
	at org.testng.SuiteRunner.runTest(SuiteRunner.java:377)
	at org.testng.SuiteRunner.runSequentially(SuiteRunner.java:371)
	at org.testng.SuiteRunner.privateRun(SuiteRunner.java:332)
	at org.testng.SuiteRunner.run(SuiteRunner.java:276)
	at org.testng.SuiteRunnerWorker.runSuite(SuiteRunnerWorker.java:53)
	at org.testng.SuiteRunnerWorker.run(SuiteRunnerWorker.java:96)
	at org.testng.TestNG.runSuitesSequentially(TestNG.java:1212)
	at org.testng.TestNG.runSuitesLocally(TestNG.java:1134)
	at org.testng.TestNG.runSuites(TestNG.java:1063)
	at org.testng.TestNG.run(TestNG.java:1031)
	at org.testng.remote.AbstractRemoteTestNG.run(AbstractRemoteTestNG.java:115)
	at org.testng.remote.RemoteTestNG.initAndRun(RemoteTestNG.java:251)
	at org.testng.remote.RemoteTestNG.main(RemoteTestNG.java:77)
</pre></div></td>
<td>0</td>
<td>testpages.TestCaseWithProblemUser@466276d8</td></tr>
<tr>
<td title='testpages.TestCaseWithProblemUser.testingProductDetails()'><b>testingProductDetails</b><br>Test class: testpages.TestCaseWithProblemUser<br>Test method: check product details</td>
<td><div><pre>java.lang.AssertionError: The following asserts failed:
	add product is not clickable expected [false] but found [true],
	expected [false] but found [true],
	expected [false] but found [true],
	expected [false] but found [true],
	expected [false] but found [true],
	expected [$29.99] but found [$49.99]
	at testpages.TestCaseWithProblemUser.testingProductDetails(TestCaseWithProblemUser.java:98)
	at java.base/java.util.ArrayList.forEach(ArrayList.java:1511)
... Removed 29 stack frames</pre></div><a href='#' onClick='toggleBox("stack-trace380556447", this, "Click to show all stack frames", "Click to hide stack frames")'>Click to show all stack frames</a>
<div class='stack-trace' id='stack-trace380556447'><pre>java.lang.AssertionError: The following asserts failed:
	add product is not clickable expected [false] but found [true],
	expected [false] but found [true],
	expected [false] but found [true],
	expected [false] but found [true],
	expected [false] but found [true],
	expected [$29.99] but found [$49.99]
	at org.testng.asserts.SoftAssert.assertAll(SoftAssert.java:47)
	at org.testng.asserts.SoftAssert.assertAll(SoftAssert.java:31)
	at testpages.TestCaseWithProblemUser.testingProductDetails(TestCaseWithProblemUser.java:98)
	at java.base/jdk.internal.reflect.NativeMethodAccessorImpl.invoke0(Native Method)
	at java.base/jdk.internal.reflect.NativeMethodAccessorImpl.invoke(NativeMethodAccessorImpl.java:77)
	at java.base/jdk.internal.reflect.DelegatingMethodAccessorImpl.invoke(DelegatingMethodAccessorImpl.java:43)
	at java.base/java.lang.reflect.Method.invoke(Method.java:568)
	at org.testng.internal.MethodInvocationHelper.invokeMethod(MethodInvocationHelper.java:133)
	at org.testng.internal.TestInvoker.invokeMethod(TestInvoker.java:598)
	at org.testng.internal.TestInvoker.invokeTestMethod(TestInvoker.java:173)
	at org.testng.internal.MethodRunner.runInSequence(MethodRunner.java:46)
	at org.testng.internal.TestInvoker$MethodInvocationAgent.invoke(TestInvoker.java:824)
	at org.testng.internal.TestInvoker.invokeTestMethods(TestInvoker.java:146)
	at org.testng.internal.TestMethodWorker.invokeTestMethods(TestMethodWorker.java:146)
	at org.testng.internal.TestMethodWorker.run(TestMethodWorker.java:128)
	at java.base/java.util.ArrayList.forEach(ArrayList.java:1511)
	at org.testng.TestRunner.privateRun(TestRunner.java:794)
	at org.testng.TestRunner.run(TestRunner.java:596)
	at org.testng.SuiteRunner.runTest(SuiteRunner.java:377)
	at org.testng.SuiteRunner.runSequentially(SuiteRunner.java:371)
	at org.testng.SuiteRunner.privateRun(SuiteRunner.java:332)
	at org.testng.SuiteRunner.run(SuiteRunner.java:276)
	at org.testng.SuiteRunnerWorker.runSuite(SuiteRunnerWorker.java:53)
	at org.testng.SuiteRunnerWorker.run(SuiteRunnerWorker.java:96)
	at org.testng.TestNG.runSuitesSequentially(TestNG.java:1212)
	at org.testng.TestNG.runSuitesLocally(TestNG.java:1134)
	at org.testng.TestNG.runSuites(TestNG.java:1063)
	at org.testng.TestNG.run(TestNG.java:1031)
	at org.testng.remote.AbstractRemoteTestNG.run(AbstractRemoteTestNG.java:115)
	at org.testng.remote.RemoteTestNG.initAndRun(RemoteTestNG.java:251)
	at org.testng.remote.RemoteTestNG.main(RemoteTestNG.java:77)
</pre></div></td>
<td>0</td>
<td>testpages.TestCaseWithProblemUser@466276d8</td></tr>
<tr>
<td title='testpages.TestCaseWithProblemUser.testSortHighToLow()'><b>testSortHighToLow</b><br>Test class: testpages.TestCaseWithProblemUser<br>Test method: sorting</td>
<td><div><pre>java.lang.AssertionError: The following asserts failed:
	add product is not clickable expected [false] but found [true],
	expected [false] but found [true],
	expected [false] but found [true],
	expected [false] but found [true],
	expected [false] but found [true]
	at testpages.TestCaseWithProblemUser.testSortHighToLow(TestCaseWithProblemUser.java:86)
	at java.base/java.util.ArrayList.forEach(ArrayList.java:1511)
... Removed 29 stack frames</pre></div><a href='#' onClick='toggleBox("stack-trace1232819726", this, "Click to show all stack frames", "Click to hide stack frames")'>Click to show all stack frames</a>
<div class='stack-trace' id='stack-trace1232819726'><pre>java.lang.AssertionError: The following asserts failed:
	add product is not clickable expected [false] but found [true],
	expected [false] but found [true],
	expected [false] but found [true],
	expected [false] but found [true],
	expected [false] but found [true]
	at org.testng.asserts.SoftAssert.assertAll(SoftAssert.java:47)
	at org.testng.asserts.SoftAssert.assertAll(SoftAssert.java:31)
	at testpages.TestCaseWithProblemUser.testSortHighToLow(TestCaseWithProblemUser.java:86)
	at java.base/jdk.internal.reflect.NativeMethodAccessorImpl.invoke0(Native Method)
	at java.base/jdk.internal.reflect.NativeMethodAccessorImpl.invoke(NativeMethodAccessorImpl.java:77)
	at java.base/jdk.internal.reflect.DelegatingMethodAccessorImpl.invoke(DelegatingMethodAccessorImpl.java:43)
	at java.base/java.lang.reflect.Method.invoke(Method.java:568)
	at org.testng.internal.MethodInvocationHelper.invokeMethod(MethodInvocationHelper.java:133)
	at org.testng.internal.TestInvoker.invokeMethod(TestInvoker.java:598)
	at org.testng.internal.TestInvoker.invokeTestMethod(TestInvoker.java:173)
	at org.testng.internal.MethodRunner.runInSequence(MethodRunner.java:46)
	at org.testng.internal.TestInvoker$MethodInvocationAgent.invoke(TestInvoker.java:824)
	at org.testng.internal.TestInvoker.invokeTestMethods(TestInvoker.java:146)
	at org.testng.internal.TestMethodWorker.invokeTestMethods(TestMethodWorker.java:146)
	at org.testng.internal.TestMethodWorker.run(TestMethodWorker.java:128)
	at java.base/java.util.ArrayList.forEach(ArrayList.java:1511)
	at org.testng.TestRunner.privateRun(TestRunner.java:794)
	at org.testng.TestRunner.run(TestRunner.java:596)
	at org.testng.SuiteRunner.runTest(SuiteRunner.java:377)
	at org.testng.SuiteRunner.runSequentially(SuiteRunner.java:371)
	at org.testng.SuiteRunner.privateRun(SuiteRunner.java:332)
	at org.testng.SuiteRunner.run(SuiteRunner.java:276)
	at org.testng.SuiteRunnerWorker.runSuite(SuiteRunnerWorker.java:53)
	at org.testng.SuiteRunnerWorker.run(SuiteRunnerWorker.java:96)
	at org.testng.TestNG.runSuitesSequentially(TestNG.java:1212)
	at org.testng.TestNG.runSuitesLocally(TestNG.java:1134)
	at org.testng.TestNG.runSuites(TestNG.java:1063)
	at org.testng.TestNG.run(TestNG.java:1031)
	at org.testng.remote.AbstractRemoteTestNG.run(AbstractRemoteTestNG.java:115)
	at org.testng.remote.RemoteTestNG.initAndRun(RemoteTestNG.java:251)
	at org.testng.remote.RemoteTestNG.main(RemoteTestNG.java:77)
</pre></div></td>
<td>0</td>
<td>testpages.TestCaseWithProblemUser@466276d8</td></tr>
<tr>
<td title='testpages.TestCasesWithErrorUser.TestingCheckOut()'><b>TestingCheckOut</b><br>Test class: testpages.TestCasesWithErrorUser<br>Test method: testing check out</td>
<td><div><pre>java.lang.AssertionError: The following asserts failed:
	Last name field does not accept input expected [tahoon] but found []
	at testpages.TestCasesWithErrorUser.TestingCheckOut(TestCasesWithErrorUser.java:61)
	at java.base/java.util.ArrayList.forEach(ArrayList.java:1511)
... Removed 29 stack frames</pre></div><a href='#' onClick='toggleBox("stack-trace1259283097", this, "Click to show all stack frames", "Click to hide stack frames")'>Click to show all stack frames</a>
<div class='stack-trace' id='stack-trace1259283097'><pre>java.lang.AssertionError: The following asserts failed:
	Last name field does not accept input expected [tahoon] but found []
	at org.testng.asserts.SoftAssert.assertAll(SoftAssert.java:47)
	at org.testng.asserts.SoftAssert.assertAll(SoftAssert.java:31)
	at testpages.TestCasesWithErrorUser.TestingCheckOut(TestCasesWithErrorUser.java:61)
	at java.base/jdk.internal.reflect.NativeMethodAccessorImpl.invoke0(Native Method)
	at java.base/jdk.internal.reflect.NativeMethodAccessorImpl.invoke(NativeMethodAccessorImpl.java:77)
	at java.base/jdk.internal.reflect.DelegatingMethodAccessorImpl.invoke(DelegatingMethodAccessorImpl.java:43)
	at java.base/java.lang.reflect.Method.invoke(Method.java:568)
	at org.testng.internal.MethodInvocationHelper.invokeMethod(MethodInvocationHelper.java:133)
	at org.testng.internal.TestInvoker.invokeMethod(TestInvoker.java:598)
	at org.testng.internal.TestInvoker.invokeTestMethod(TestInvoker.java:173)
	at org.testng.internal.MethodRunner.runInSequence(MethodRunner.java:46)
	at org.testng.internal.TestInvoker$MethodInvocationAgent.invoke(TestInvoker.java:824)
	at org.testng.internal.TestInvoker.invokeTestMethods(TestInvoker.java:146)
	at org.testng.internal.TestMethodWorker.invokeTestMethods(TestMethodWorker.java:146)
	at org.testng.internal.TestMethodWorker.run(TestMethodWorker.java:128)
	at java.base/java.util.ArrayList.forEach(ArrayList.java:1511)
	at org.testng.TestRunner.privateRun(TestRunner.java:794)
	at org.testng.TestRunner.run(TestRunner.java:596)
	at org.testng.SuiteRunner.runTest(SuiteRunner.java:377)
	at org.testng.SuiteRunner.runSequentially(SuiteRunner.java:371)
	at org.testng.SuiteRunner.privateRun(SuiteRunner.java:332)
	at org.testng.SuiteRunner.run(SuiteRunner.java:276)
	at org.testng.SuiteRunnerWorker.runSuite(SuiteRunnerWorker.java:53)
	at org.testng.SuiteRunnerWorker.run(SuiteRunnerWorker.java:96)
	at org.testng.TestNG.runSuitesSequentially(TestNG.java:1212)
	at org.testng.TestNG.runSuitesLocally(TestNG.java:1134)
	at org.testng.TestNG.runSuites(TestNG.java:1063)
	at org.testng.TestNG.run(TestNG.java:1031)
	at org.testng.remote.AbstractRemoteTestNG.run(AbstractRemoteTestNG.java:115)
	at org.testng.remote.RemoteTestNG.initAndRun(RemoteTestNG.java:251)
	at org.testng.remote.RemoteTestNG.main(RemoteTestNG.java:77)
</pre></div></td>
<td>1</td>
<td>testpages.TestCasesWithErrorUser@528c868</td></tr>
<tr>
<td title='testpages.TestCaseWithProblemUser.TestingAddProductClickableInHomePage()'><b>TestingAddProductClickableInHomePage</b><br>Test class: testpages.TestCaseWithProblemUser<br>Test method: can assertthat add product is  clickable in home page </td>
<td><div><pre>java.lang.AssertionError: The following asserts failed:
	add product is not clickable expected [false] but found [true]
	at testpages.TestCaseWithProblemUser.TestingAddProductClickableInHomePage(TestCaseWithProblemUser.java:42)
	at java.base/java.util.ArrayList.forEach(ArrayList.java:1511)
... Removed 29 stack frames</pre></div><a href='#' onClick='toggleBox("stack-trace1465146431", this, "Click to show all stack frames", "Click to hide stack frames")'>Click to show all stack frames</a>
<div class='stack-trace' id='stack-trace1465146431'><pre>java.lang.AssertionError: The following asserts failed:
	add product is not clickable expected [false] but found [true]
	at org.testng.asserts.SoftAssert.assertAll(SoftAssert.java:47)
	at org.testng.asserts.SoftAssert.assertAll(SoftAssert.java:31)
	at testpages.TestCaseWithProblemUser.TestingAddProductClickableInHomePage(TestCaseWithProblemUser.java:42)
	at java.base/jdk.internal.reflect.NativeMethodAccessorImpl.invoke0(Native Method)
	at java.base/jdk.internal.reflect.NativeMethodAccessorImpl.invoke(NativeMethodAccessorImpl.java:77)
	at java.base/jdk.internal.reflect.DelegatingMethodAccessorImpl.invoke(DelegatingMethodAccessorImpl.java:43)
	at java.base/java.lang.reflect.Method.invoke(Method.java:568)
	at org.testng.internal.MethodInvocationHelper.invokeMethod(MethodInvocationHelper.java:133)
	at org.testng.internal.TestInvoker.invokeMethod(TestInvoker.java:598)
	at org.testng.internal.TestInvoker.invokeTestMethod(TestInvoker.java:173)
	at org.testng.internal.MethodRunner.runInSequence(MethodRunner.java:46)
	at org.testng.internal.TestInvoker$MethodInvocationAgent.invoke(TestInvoker.java:824)
	at org.testng.internal.TestInvoker.invokeTestMethods(TestInvoker.java:146)
	at org.testng.internal.TestMethodWorker.invokeTestMethods(TestMethodWorker.java:146)
	at org.testng.internal.TestMethodWorker.run(TestMethodWorker.java:128)
	at java.base/java.util.ArrayList.forEach(ArrayList.java:1511)
	at org.testng.TestRunner.privateRun(TestRunner.java:794)
	at org.testng.TestRunner.run(TestRunner.java:596)
	at org.testng.SuiteRunner.runTest(SuiteRunner.java:377)
	at org.testng.SuiteRunner.runSequentially(SuiteRunner.java:371)
	at org.testng.SuiteRunner.privateRun(SuiteRunner.java:332)
	at org.testng.SuiteRunner.run(SuiteRunner.java:276)
	at org.testng.SuiteRunnerWorker.runSuite(SuiteRunnerWorker.java:53)
	at org.testng.SuiteRunnerWorker.run(SuiteRunnerWorker.java:96)
	at org.testng.TestNG.runSuitesSequentially(TestNG.java:1212)
	at org.testng.TestNG.runSuitesLocally(TestNG.java:1134)
	at org.testng.TestNG.runSuites(TestNG.java:1063)
	at org.testng.TestNG.run(TestNG.java:1031)
	at org.testng.remote.AbstractRemoteTestNG.run(AbstractRemoteTestNG.java:115)
	at org.testng.remote.RemoteTestNG.initAndRun(RemoteTestNG.java:251)
	at org.testng.remote.RemoteTestNG.main(RemoteTestNG.java:77)
</pre></div></td>
<td>0</td>
<td>testpages.TestCaseWithProblemUser@466276d8</td></tr>
<tr>
<td title='testpages.TestCaseWithProblemUser.testSortLowToHigh()'><b>testSortLowToHigh</b><br>Test class: testpages.TestCaseWithProblemUser<br>Test method: sorting</td>
<td><div><pre>java.lang.AssertionError: The following asserts failed:
	add product is not clickable expected [false] but found [true],
	expected [false] but found [true],
	expected [false] but found [true],
	expected [false] but found [true]
	at testpages.TestCaseWithProblemUser.testSortLowToHigh(TestCaseWithProblemUser.java:76)
	at java.base/java.util.ArrayList.forEach(ArrayList.java:1511)
... Removed 29 stack frames</pre></div><a href='#' onClick='toggleBox("stack-trace1703358554", this, "Click to show all stack frames", "Click to hide stack frames")'>Click to show all stack frames</a>
<div class='stack-trace' id='stack-trace1703358554'><pre>java.lang.AssertionError: The following asserts failed:
	add product is not clickable expected [false] but found [true],
	expected [false] but found [true],
	expected [false] but found [true],
	expected [false] but found [true]
	at org.testng.asserts.SoftAssert.assertAll(SoftAssert.java:47)
	at org.testng.asserts.SoftAssert.assertAll(SoftAssert.java:31)
	at testpages.TestCaseWithProblemUser.testSortLowToHigh(TestCaseWithProblemUser.java:76)
	at java.base/jdk.internal.reflect.NativeMethodAccessorImpl.invoke0(Native Method)
	at java.base/jdk.internal.reflect.NativeMethodAccessorImpl.invoke(NativeMethodAccessorImpl.java:77)
	at java.base/jdk.internal.reflect.DelegatingMethodAccessorImpl.invoke(DelegatingMethodAccessorImpl.java:43)
	at java.base/java.lang.reflect.Method.invoke(Method.java:568)
	at org.testng.internal.MethodInvocationHelper.invokeMethod(MethodInvocationHelper.java:133)
	at org.testng.internal.TestInvoker.invokeMethod(TestInvoker.java:598)
	at org.testng.internal.TestInvoker.invokeTestMethod(TestInvoker.java:173)
	at org.testng.internal.MethodRunner.runInSequence(MethodRunner.java:46)
	at org.testng.internal.TestInvoker$MethodInvocationAgent.invoke(TestInvoker.java:824)
	at org.testng.internal.TestInvoker.invokeTestMethods(TestInvoker.java:146)
	at org.testng.internal.TestMethodWorker.invokeTestMethods(TestMethodWorker.java:146)
	at org.testng.internal.TestMethodWorker.run(TestMethodWorker.java:128)
	at java.base/java.util.ArrayList.forEach(ArrayList.java:1511)
	at org.testng.TestRunner.privateRun(TestRunner.java:794)
	at org.testng.TestRunner.run(TestRunner.java:596)
	at org.testng.SuiteRunner.runTest(SuiteRunner.java:377)
	at org.testng.SuiteRunner.runSequentially(SuiteRunner.java:371)
	at org.testng.SuiteRunner.privateRun(SuiteRunner.java:332)
	at org.testng.SuiteRunner.run(SuiteRunner.java:276)
	at org.testng.SuiteRunnerWorker.runSuite(SuiteRunnerWorker.java:53)
	at org.testng.SuiteRunnerWorker.run(SuiteRunnerWorker.java:96)
	at org.testng.TestNG.runSuitesSequentially(TestNG.java:1212)
	at org.testng.TestNG.runSuitesLocally(TestNG.java:1134)
	at org.testng.TestNG.runSuites(TestNG.java:1063)
	at org.testng.TestNG.run(TestNG.java:1031)
	at org.testng.remote.AbstractRemoteTestNG.run(AbstractRemoteTestNG.java:115)
	at org.testng.remote.RemoteTestNG.initAndRun(RemoteTestNG.java:251)
	at org.testng.remote.RemoteTestNG.main(RemoteTestNG.java:77)
</pre></div></td>
<td>0</td>
<td>testpages.TestCaseWithProblemUser@466276d8</td></tr>
</table><p>
<table width='100%' border='1' class='invocation-passed'>
<tr><td colspan='4' align='center'><b>PASSED TESTS</b></td></tr>
<tr><td><b>Test method</b></td>
<td width="30%"><b>Exception</b></td>
<td width="10%"><b>Time (seconds)</b></td>
<td><b>Instance</b></td>
</tr>
<tr>
<td title='testpages.TestCasesWithErrorUser.testingValidUserLogin()'><b>testingValidUserLogin</b><br>Test class: testpages.TestCasesWithErrorUser<br>Test method: Soum - Valid User Login</td>
<td></td>
<td>0</td>
<td>testpages.TestCasesWithErrorUser@528c868</td></tr>
<tr>
<td title='testpages.TestCasesWithPerformanceUser.testingCheckOut()'><b>testingCheckOut</b><br>Test class: testpages.TestCasesWithPerformanceUser<br>Test method: make order</td>
<td></td>
<td>6</td>
<td>testpages.TestCasesWithPerformanceUser@5ce8d869</td></tr>
<tr>
<td title='testpages.TestCaseWithProblemUser.TestlogOut()'><b>TestlogOut</b><br>Test class: testpages.TestCaseWithProblemUser</td>
<td></td>
<td>0</td>
<td>testpages.TestCaseWithProblemUser@466276d8</td></tr>
<tr>
<td title='testpages.TestCasesWithPerformanceUser.testSortHighToLow()'><b>testSortHighToLow</b><br>Test class: testpages.TestCasesWithPerformanceUser<br>Test method: sorting  High to Low</td>
<td></td>
<td>5</td>
<td>testpages.TestCasesWithPerformanceUser@5ce8d869</td></tr>
<tr>
<td title='testpages.TestCasesWithStandardUser.testingCheckOut()'><b>testingCheckOut</b><br>Test class: testpages.TestCasesWithStandardUser<br>Test method: make Order</td>
<td></td>
<td>1</td>
<td>testpages.TestCasesWithStandardUser@49ff7d8c</td></tr>
<tr>
<td title='testpages.TestCasesWithErrorUser.testingBrokenSorting()'><b>testingBrokenSorting</b><br>Test class: testpages.TestCasesWithErrorUser<br>Test method: testing sorting functionality</td>
<td></td>
<td>0</td>
<td>testpages.TestCasesWithErrorUser@528c868</td></tr>
<tr>
<td title='testpages.TestCasesWithVisualUser.TestlogOut()'><b>TestlogOut</b><br>Test class: testpages.TestCasesWithVisualUser</td>
<td></td>
<td>0</td>
<td>testpages.TestCasesWithVisualUser@27eedb64</td></tr>
<tr>
<td title='testpages.TestCasesWithPerformanceUser.testingNavigateToCart()'><b>testingNavigateToCart</b><br>Test class: testpages.TestCasesWithPerformanceUser<br>Test method: testing open cart then return back to home</td>
<td></td>
<td>5</td>
<td>testpages.TestCasesWithPerformanceUser@5ce8d869</td></tr>
<tr>
<td title='testpages.TestCasesWithStandardUser.testingRemoveProductFromCart()'><b>testingRemoveProductFromCart</b><br>Test class: testpages.TestCasesWithStandardUser<br>Test method: remove product from cart</td>
<td></td>
<td>0</td>
<td>testpages.TestCasesWithStandardUser@49ff7d8c</td></tr>
<tr>
<td title='testpages.TestCasesWithStandardUser.testSortHighToLow()'><b>testSortHighToLow</b><br>Test class: testpages.TestCasesWithStandardUser<br>Test method: sorting</td>
<td></td>
<td>0</td>
<td>testpages.TestCasesWithStandardUser@49ff7d8c</td></tr>
<tr>
<td title='testpages.TestCasesWithPerformanceUser.testingValidUserLogin()'><b>testingValidUserLogin</b><br>Test class: testpages.TestCasesWithPerformanceUser<br>Test method: Soum - Valid User Login</td>
<td></td>
<td>6</td>
<td>testpages.TestCasesWithPerformanceUser@5ce8d869</td></tr>
<tr>
<td title='testpages.LoginTestWithLockedUser.testingValidUserLogin()'><b>testingValidUserLogin</b><br>Test class: testpages.LoginTestWithLockedUser<br>Test method: Soum - Valid User Login</td>
<td></td>
<td>0</td>
<td>testpages.LoginTestWithLockedUser@64c63c79</td></tr>
<tr>
<td title='testpages.TestCasesWithPerformanceUser.testSortAToZ()'><b>testSortAToZ</b><br>Test class: testpages.TestCasesWithPerformanceUser<br>Test method: sorting A to Z</td>
<td></td>
<td>0</td>
<td>testpages.TestCasesWithPerformanceUser@5ce8d869</td></tr>
<tr>
<td title='testpages.TestCasesWithVisualUser.testingAddProductToCart()'><b>testingAddProductToCart</b><br>Test class: testpages.TestCasesWithVisualUser<br>Test method: add product to cart</td>
<td></td>
<td>17</td>
<td>testpages.TestCasesWithVisualUser@27eedb64</td></tr>
<tr>
<td title='testpages.TestCasesWithErrorUser.TestlogOut()'><b>TestlogOut</b><br>Test class: testpages.TestCasesWithErrorUser</td>
<td></td>
<td>0</td>
<td>testpages.TestCasesWithErrorUser@528c868</td></tr>
<tr>
<td title='testpages.TestCasesWithVisualUser.testingValidUserLogin()'><b>testingValidUserLogin</b><br>Test class: testpages.TestCasesWithVisualUser<br>Test method: Soum - Valid User Login</td>
<td></td>
<td>14</td>
<td>testpages.TestCasesWithVisualUser@27eedb64</td></tr>
<tr>
<td title='testpages.TestCasesWithStandardUser.testSortLowToHigh()'><b>testSortLowToHigh</b><br>Test class: testpages.TestCasesWithStandardUser<br>Test method: sorting</td>
<td></td>
<td>0</td>
<td>testpages.TestCasesWithStandardUser@49ff7d8c</td></tr>
<tr>
<td title='testpages.TestCasesWithStandardUser.testEmptyCartCheckout()'><b>testEmptyCartCheckout</b><br>Test class: testpages.TestCasesWithStandardUser<br>Test method: check cart is empty or not ?</td>
<td></td>
<td>0</td>
<td>testpages.TestCasesWithStandardUser@49ff7d8c</td></tr>
<tr>
<td title='testpages.TestCasesWithPerformanceUser.testSortLowToHigh()'><b>testSortLowToHigh</b><br>Test class: testpages.TestCasesWithPerformanceUser<br>Test method: sorting Low to High</td>
<td></td>
<td>5</td>
<td>testpages.TestCasesWithPerformanceUser@5ce8d869</td></tr>
<tr>
<td title='testpages.TestCasesWithStandardUser.testingRemoveProduct()'><b>testingRemoveProduct</b><br>Test class: testpages.TestCasesWithStandardUser<br>Test method: remove product from home</td>
<td></td>
<td>0</td>
<td>testpages.TestCasesWithStandardUser@49ff7d8c</td></tr>
<tr>
<td title='testpages.TestCaseWithProblemUser.testingCheckOut()'><b>testingCheckOut</b><br>Test class: testpages.TestCaseWithProblemUser<br>Test method: check out</td>
<td></td>
<td>1</td>
<td>testpages.TestCaseWithProblemUser@466276d8</td></tr>
<tr>
<td title='testpages.TestCasesWithPerformanceUser.TestlogOut()'><b>TestlogOut</b><br>Test class: testpages.TestCasesWithPerformanceUser</td>
<td></td>
<td>0</td>
<td>testpages.TestCasesWithPerformanceUser@5ce8d869</td></tr>
<tr>
<td title='testpages.TestCasesWithStandardUser.testingValidUserLogin()'><b>testingValidUserLogin</b><br>Test class: testpages.TestCasesWithStandardUser<br>Test method: Soum - Valid User Login</td>
<td></td>
<td>0</td>
<td>testpages.TestCasesWithStandardUser@49ff7d8c</td></tr>
<tr>
<td title='testpages.TestCasesWithStandardUser.testSortZToA()'><b>testSortZToA</b><br>Test class: testpages.TestCasesWithStandardUser<br>Test method: sorting</td>
<td></td>
<td>0</td>
<td>testpages.TestCasesWithStandardUser@49ff7d8c</td></tr>
<tr>
<td title='testpages.TestCaseWithProblemUser.testingValidUserLogin()'><b>testingValidUserLogin</b><br>Test class: testpages.TestCaseWithProblemUser<br>Test method: Soum - Valid User Login</td>
<td></td>
<td>0</td>
<td>testpages.TestCaseWithProblemUser@466276d8</td></tr>
<tr>
<td title='testpages.TestCasesWithPerformanceUser.testSortZToA()'><b>testSortZToA</b><br>Test class: testpages.TestCasesWithPerformanceUser<br>Test method: sorting Z to A</td>
<td></td>
<td>5</td>
<td>testpages.TestCasesWithPerformanceUser@5ce8d869</td></tr>
<tr>
<td title='testpages.TestCasesWithStandardUser.testSortAToZ()'><b>testSortAToZ</b><br>Test class: testpages.TestCasesWithStandardUser<br>Test method: sorting</td>
<td></td>
<td>0</td>
<td>testpages.TestCasesWithStandardUser@49ff7d8c</td></tr>
<tr>
<td title='testpages.TestCasesWithStandardUser.TestLogOut()'><b>TestLogOut</b><br>Test class: testpages.TestCasesWithStandardUser<br>Test method: TestLogOut</td>
<td></td>
<td>0</td>
<td>testpages.TestCasesWithStandardUser@49ff7d8c</td></tr>
<tr>
<td title='testpages.TestCasesWithStandardUser.testingAddProductToCart()'><b>testingAddProductToCart</b><br>Test class: testpages.TestCasesWithStandardUser<br>Test method: add product to cart</td>
<td></td>
<td>0</td>
<td>testpages.TestCasesWithStandardUser@49ff7d8c</td></tr>
<tr>
<td title='testpages.TestCasesWithPerformanceUser.testingNavigateToProductDetails()'><b>testingNavigateToProductDetails</b><br>Test class: testpages.TestCasesWithPerformanceUser<br>Test method: open product details then return back to home </td>
<td></td>
<td>5</td>
<td>testpages.TestCasesWithPerformanceUser@5ce8d869</td></tr>
</table><p>
</body>
</html>