<?xml version="1.0" encoding="UTF-8"?>
<!-- Generated by org.testng.reporters.JUnitXMLReporter -->
<testsuite ignored="0" hostname="DESKTOP-8TDN02Q" failures="7" tests="37" name="ChromeTests" time="132.271" errors="0" timestamp="2024-02-11T20:04:29 EET">
  <testcase classname="testpages.TestCasesWithStandardUser" name="testingValidUserLogin" time="0.916"/>
  <testcase classname="testpages.TestCasesWithStandardUser" name="testingAddProductToCart" time="0.553"/>
  <testcase classname="testpages.TestCasesWithStandardUser" name="testingCheckOut" time="1.748"/>
  <testcase classname="testpages.TestCasesWithStandardUser" name="testSortAToZ" time="0.204"/>
  <testcase classname="testpages.TestCasesWithStandardUser" name="testSortZToA" time="0.209"/>
  <testcase classname="testpages.TestCasesWithStandardUser" name="testSortLowToHigh" time="0.171"/>
  <testcase classname="testpages.TestCasesWithStandardUser" name="testSortHighToLow" time="0.124"/>
  <testcase classname="testpages.TestCasesWithStandardUser" name="testingRemoveProduct" time="0.231"/>
  <testcase classname="testpages.TestCasesWithStandardUser" name="testingRemoveProductFromCart" time="0.34"/>
  <testcase classname="testpages.TestCasesWithStandardUser" name="testEmptyCartCheckout" time="0.129"/>
  <testcase classname="testpages.TestCasesWithStandardUser" name="TestLogOut" time="0.898"/>
  <testcase classname="testpages.TestCasesWithErrorUser" name="testingValidUserLogin" time="0.779"/>
  <testcase classname="testpages.TestCasesWithErrorUser" name="testingBrokenSorting" time="0.556"/>
  <testcase classname="testpages.TestCasesWithErrorUser" name="TestingCheckOut" time="1.412">
    <failure type="java.lang.AssertionError" message="The following asserts failed:
	Last name field does not accept input expected [tahoon] but found []">
      <![CDATA[java.lang.AssertionError: The following asserts failed:
Last name field does not accept input expected [tahoon] but found []
at testpages.TestCasesWithErrorUser.TestingCheckOut(TestCasesWithErrorUser.java:61)
at java.base/java.util.ArrayList.forEach(ArrayList.java:1511)
... Removed 29 stack frames]]>
    </failure>
  </testcase> <!-- TestingCheckOut -->
  <testcase classname="testpages.TestCasesWithErrorUser" name="TestlogOut" time="0.285"/>
  <testcase classname="testpages.TestCaseWithProblemUser" name="testingValidUserLogin" time="0.596"/>
  <testcase classname="testpages.TestCaseWithProblemUser" name="TestingAddProductClickableInHomePage" time="0.654">
    <failure type="java.lang.AssertionError" message="The following asserts failed:
	add product is not clickable expected [false] but found [true]">
      <![CDATA[java.lang.AssertionError: The following asserts failed:
add product is not clickable expected [false] but found [true]
at testpages.TestCaseWithProblemUser.TestingAddProductClickableInHomePage(TestCaseWithProblemUser.java:42)
at java.base/java.util.ArrayList.forEach(ArrayList.java:1511)
... Removed 29 stack frames]]>
    </failure>
  </testcase> <!-- TestingAddProductClickableInHomePage -->
  <testcase classname="testpages.TestCaseWithProblemUser" name="testSortAToZ" time="0.158">
    <failure type="java.lang.AssertionError" message="The following asserts failed:
	add product is not clickable expected [false] but found [true],
	expected [false] but found [true]">
      <![CDATA[java.lang.AssertionError: The following asserts failed:
add product is not clickable expected [false] but found [true],
expected [false] but found [true]
at testpages.TestCaseWithProblemUser.testSortAToZ(TestCaseWithProblemUser.java:54)
at java.base/java.util.ArrayList.forEach(ArrayList.java:1511)
... Removed 29 stack frames]]>
    </failure>
  </testcase> <!-- testSortAToZ -->
  <testcase classname="testpages.TestCaseWithProblemUser" name="testSortZToA" time="0.128">
    <failure type="java.lang.AssertionError" message="The following asserts failed:
	add product is not clickable expected [false] but found [true],
	expected [false] but found [true],
	expected [false] but found [true]">
      <![CDATA[java.lang.AssertionError: The following asserts failed:
add product is not clickable expected [false] but found [true],
expected [false] but found [true],
expected [false] but found [true]
at testpages.TestCaseWithProblemUser.testSortZToA(TestCaseWithProblemUser.java:67)
at java.base/java.util.ArrayList.forEach(ArrayList.java:1511)
... Removed 29 stack frames]]>
    </failure>
  </testcase> <!-- testSortZToA -->
  <testcase classname="testpages.TestCaseWithProblemUser" name="testSortLowToHigh" time="0.154">
    <failure type="java.lang.AssertionError" message="The following asserts failed:
	add product is not clickable expected [false] but found [true],
	expected [false] but found [true],
	expected [false] but found [true],
	expected [false] but found [true]">
      <![CDATA[java.lang.AssertionError: The following asserts failed:
add product is not clickable expected [false] but found [true],
expected [false] but found [true],
expected [false] but found [true],
expected [false] but found [true]
at testpages.TestCaseWithProblemUser.testSortLowToHigh(TestCaseWithProblemUser.java:76)
at java.base/java.util.ArrayList.forEach(ArrayList.java:1511)
... Removed 29 stack frames]]>
    </failure>
  </testcase> <!-- testSortLowToHigh -->
  <testcase classname="testpages.TestCaseWithProblemUser" name="testSortHighToLow" time="0.159">
    <failure type="java.lang.AssertionError" message="The following asserts failed:
	add product is not clickable expected [false] but found [true],
	expected [false] but found [true],
	expected [false] but found [true],
	expected [false] but found [true],
	expected [false] but found [true]">
      <![CDATA[java.lang.AssertionError: The following asserts failed:
add product is not clickable expected [false] but found [true],
expected [false] but found [true],
expected [false] but found [true],
expected [false] but found [true],
expected [false] but found [true]
at testpages.TestCaseWithProblemUser.testSortHighToLow(TestCaseWithProblemUser.java:86)
at java.base/java.util.ArrayList.forEach(ArrayList.java:1511)
... Removed 29 stack frames]]>
    </failure>
  </testcase> <!-- testSortHighToLow -->
  <testcase classname="testpages.TestCaseWithProblemUser" name="testingProductDetails" time="0.26">
    <failure type="java.lang.AssertionError" message="The following asserts failed:
	add product is not clickable expected [false] but found [true],
	expected [false] but found [true],
	expected [false] but found [true],
	expected [false] but found [true],
	expected [false] but found [true],
	expected [$29.99] but found [$49.99]">
      <![CDATA[java.lang.AssertionError: The following asserts failed:
add product is not clickable expected [false] but found [true],
expected [false] but found [true],
expected [false] but found [true],
expected [false] but found [true],
expected [false] but found [true],
expected [$29.99] but found [$49.99]
at testpages.TestCaseWithProblemUser.testingProductDetails(TestCaseWithProblemUser.java:98)
at java.base/java.util.ArrayList.forEach(ArrayList.java:1511)
... Removed 29 stack frames]]>
    </failure>
  </testcase> <!-- testingProductDetails -->
  <testcase classname="testpages.TestCaseWithProblemUser" name="testingCheckOut" time="1.257"/>
  <testcase classname="testpages.TestCaseWithProblemUser" name="TestlogOut" time="0.813"/>
  <testcase classname="testpages.TestCasesWithPerformanceUser" name="testingValidUserLogin" time="6.294"/>
  <testcase classname="testpages.TestCasesWithPerformanceUser" name="testSortAToZ" time="0.137"/>
  <testcase classname="testpages.TestCasesWithPerformanceUser" name="testSortZToA" time="5.146"/>
  <testcase classname="testpages.TestCasesWithPerformanceUser" name="testSortLowToHigh" time="5.133"/>
  <testcase classname="testpages.TestCasesWithPerformanceUser" name="testSortHighToLow" time="5.137"/>
  <testcase classname="testpages.TestCasesWithPerformanceUser" name="testingCheckOut" time="6.193"/>
  <testcase classname="testpages.TestCasesWithPerformanceUser" name="testingNavigateToProductDetails" time="5.419"/>
  <testcase classname="testpages.TestCasesWithPerformanceUser" name="testingNavigateToCart" time="5.241"/>
  <testcase classname="testpages.TestCasesWithPerformanceUser" name="TestlogOut" time="0.766"/>
  <testcase classname="testpages.TestCasesWithVisualUser" name="testingValidUserLogin" time="14.117"/>
  <testcase classname="testpages.TestCasesWithVisualUser" name="testingAddProductToCart" time="17.372"/>
  <testcase classname="testpages.TestCasesWithVisualUser" name="TestlogOut" time="0.776"/>
  <testcase classname="testpages.LoginTestWithLockedUser" name="testingValidUserLogin" time="0.989"/>
</testsuite> <!-- ChromeTests -->
